     diagonalizing the dynamical matrix ...

 q =       0.0000      0.0000      0.0000
 **************************************************************************
     freq (    1) =      -0.000001 [THz] =      -0.000026 [cm-1]
 (  0.050582   0.000000     0.542840   0.000000    -0.450295   0.000000   )
 (  0.050582   0.000000     0.542840   0.000000    -0.450295   0.000000   )
     freq (    2) =      -0.000001 [THz] =      -0.000021 [cm-1]
 (  0.062600   0.000000     0.446215   0.000000     0.544953  -0.000000   )
 (  0.062600   0.000000     0.446215   0.000000     0.544953   0.000000   )
     freq (    3) =       0.000000 [THz] =       0.000009 [cm-1]
 ( -0.702512  -0.000000     0.078847  -0.000000     0.016138  -0.000000   )
 ( -0.702512  -0.000000     0.078847  -0.000000     0.016138   0.000000   )
     freq (    4) =      39.837064 [THz] =    1328.821409 [cm-1]
 ( -0.000000  -0.000000     0.000000  -0.000000    -0.707107   0.000000   )
 (  0.000000  -0.000000    -0.000000   0.000000     0.707107   0.000000   )
     freq (    5) =      39.837064 [THz] =    1328.821409 [cm-1]
 ( -0.707107   0.000000    -0.000000   0.000000    -0.000000  -0.000000   )
 (  0.707107  -0.000000     0.000000  -0.000000    -0.000000   0.000000   )
     freq (    6) =      39.837064 [THz] =    1328.821410 [cm-1]
 ( -0.000000  -0.000000     0.707107  -0.000000     0.000000   0.000000   )
 (  0.000000   0.000000    -0.707107   0.000000    -0.000000   0.000000   )
 **************************************************************************
