     diagonalizing the dynamical matrix ...

 q =       0.0000      0.0000      0.0000
 **************************************************************************
     freq (    1) =      -0.000298 [THz] =      -0.009943 [cm-1]
 ( -0.249998   0.000000    -0.000011   0.000000     0.250001   0.000000   )
 ( -0.249998   0.000000    -0.000011   0.000000     0.250001   0.000000   )
 ( -0.249999   0.000000    -0.000006   0.000000     0.250001   0.000000   )
 ( -0.249999   0.000000    -0.000014   0.000000     0.250001   0.000000   )
 ( -0.249999   0.000000    -0.000016   0.000000     0.250001   0.000000   )
 ( -0.249999   0.000000    -0.000009   0.000000     0.250001   0.000000   )
 ( -0.249999   0.000000    -0.000011   0.000000     0.250002   0.000000   )
 ( -0.249999   0.000000    -0.000011   0.000000     0.250002   0.000000   )
     freq (    2) =      -0.000295 [THz] =      -0.009839 [cm-1]
 ( -0.000008   0.000000     0.353554   0.000000     0.000008   0.000000   )
 ( -0.000008   0.000000     0.353554   0.000000     0.000008   0.000000   )
 ( -0.000005   0.000000     0.353553   0.000000     0.000005   0.000000   )
 ( -0.000010   0.000000     0.353553   0.000000     0.000011   0.000000   )
 ( -0.000011   0.000000     0.353553   0.000000     0.000012   0.000000   )
 ( -0.000006   0.000000     0.353553   0.000000     0.000006   0.000000   )
 ( -0.000008   0.000000     0.353553   0.000000     0.000008   0.000000   )
 ( -0.000008   0.000000     0.353553   0.000000     0.000008   0.000000   )
     freq (    3) =      -0.000001 [THz] =      -0.000018 [cm-1]
 ( -0.250001   0.000000     0.000000   0.000000    -0.249999   0.000000   )
 ( -0.250001   0.000000     0.000000   0.000000    -0.249999   0.000000   )
 ( -0.250001   0.000000     0.000000   0.000000    -0.249999   0.000000   )
 ( -0.250001   0.000000     0.000000   0.000000    -0.249999   0.000000   )
 ( -0.250001   0.000000     0.000000   0.000000    -0.249999   0.000000   )
 ( -0.250001   0.000000     0.000000   0.000000    -0.249999   0.000000   )
 ( -0.250001   0.000000     0.000000   0.000000    -0.249999   0.000000   )
 ( -0.250001   0.000000     0.000000   0.000000    -0.249999   0.000000   )
     freq (    4) =      16.484278 [THz] =     549.856316 [cm-1]
 (  0.000000   0.000000    -0.000000   0.000000    -0.000000   0.000000   )
 (  0.000000   0.000000    -0.000000   0.000000    -0.000000   0.000000   )
 ( -0.353553   0.000000     0.000000   0.000000    -0.353553   0.000000   )
 ( -0.353553   0.000000     0.000000   0.000000    -0.353553   0.000000   )
 (  0.353553   0.000000    -0.000000   0.000000     0.353553   0.000000   )
 (  0.353553   0.000000    -0.000000   0.000000     0.353553   0.000000   )
 ( -0.000000   0.000000     0.000000   0.000000     0.000000   0.000000   )
 ( -0.000000   0.000000     0.000000   0.000000     0.000000   0.000000   )
     freq (    5) =      16.488225 [THz] =     549.987984 [cm-1]
 (  0.204111   0.000000    -0.000000   0.000000    -0.204111   0.000000   )
 (  0.204097   0.000000    -0.000000   0.000000    -0.204097   0.000000   )
 ( -0.000002   0.000000     0.408262   0.000000     0.000002   0.000000   )
 (  0.000018   0.000000     0.408261   0.000000    -0.000018   0.000000   )
 ( -0.000002   0.000000    -0.408262   0.000000     0.000002   0.000000   )
 (  0.000018   0.000000    -0.408261   0.000000    -0.000018   0.000000   )
 ( -0.204110   0.000000     0.000000   0.000000     0.204110   0.000000   )
 ( -0.204125   0.000000     0.000000   0.000000     0.204125   0.000000   )
     freq (    6) =      16.490130 [THz] =     550.051525 [cm-1]
 (  0.000000   0.000000    -0.408223   0.000000     0.000000   0.000000   )
 (  0.000000   0.000000    -0.408183   0.000000     0.000000   0.000000   )
 ( -0.204160   0.000000    -0.000000   0.000000     0.204160   0.000000   )
 ( -0.204167   0.000000    -0.000009   0.000000     0.204167   0.000000   )
 (  0.204160   0.000000    -0.000000   0.000000    -0.204160   0.000000   )
 (  0.204167   0.000000    -0.000009   0.000000    -0.204167   0.000000   )
 ( -0.000000   0.000000     0.408219   0.000000    -0.000000   0.000000   )
 ( -0.000000   0.000000     0.408211   0.000000    -0.000000   0.000000   )
     freq (    7) =      16.490155 [THz] =     550.052360 [cm-1]
 (  0.353553   0.000000     0.000000   0.000000     0.353553   0.000000   )
 (  0.353554   0.000000     0.000000   0.000000     0.353554   0.000000   )
 (  0.000000   0.000000     0.000000   0.000000     0.000000   0.000000   )
 (  0.000000   0.000000     0.000000   0.000000     0.000000   0.000000   )
 (  0.000000   0.000000    -0.000000   0.000000     0.000000   0.000000   )
 (  0.000000   0.000000    -0.000000   0.000000     0.000000   0.000000   )
 ( -0.353553   0.000000    -0.000000   0.000000    -0.353553   0.000000   )
 ( -0.353554   0.000000    -0.000000   0.000000    -0.353554   0.000000   )
     freq (    8) =      23.726890 [THz] =     791.443844 [cm-1]
 (  0.249994   0.000000     0.000000   0.000000    -0.249994   0.000000   )
 ( -0.249996   0.000000     0.000000   0.000000     0.249996   0.000000   )
 ( -0.249998   0.000000    -0.000027   0.000000     0.249998   0.000000   )
 (  0.249999   0.000000    -0.000015   0.000000    -0.249999   0.000000   )
 ( -0.249998   0.000000     0.000027   0.000000     0.249998   0.000000   )
 (  0.249999   0.000000     0.000015   0.000000    -0.249999   0.000000   )
 (  0.250009   0.000000     0.000000   0.000000    -0.250009   0.000000   )
 ( -0.250008   0.000000    -0.000000   0.000000     0.250008   0.000000   )
     freq (    9) =      23.728567 [THz] =     791.499808 [cm-1]
 ( -0.249999   0.000000    -0.000000   0.000000    -0.249999   0.000000   )
 ( -0.250001   0.000000     0.000000   0.000000    -0.250001   0.000000   )
 (  0.249999   0.000000    -0.000000   0.000000     0.249999   0.000000   )
 (  0.250001   0.000000    -0.000000   0.000000     0.250001   0.000000   )
 (  0.249999   0.000000     0.000000   0.000000     0.249999   0.000000   )
 (  0.250001   0.000000     0.000000   0.000000     0.250001   0.000000   )
 ( -0.249999   0.000000    -0.000000   0.000000    -0.249999   0.000000   )
 ( -0.250001   0.000000     0.000000   0.000000    -0.250001   0.000000   )
     freq (   10) =      32.024422 [THz] =    1068.219726 [cm-1]
 (  0.288606   0.000000    -0.000000   0.000000    -0.288606   0.000000   )
 (  0.288622   0.000000    -0.000000   0.000000    -0.288622   0.000000   )
 (  0.000072   0.000000    -0.288672   0.000000    -0.000072   0.000000   )
 (  0.000068   0.000000    -0.288640   0.000000    -0.000068   0.000000   )
 (  0.000072   0.000000     0.288672   0.000000    -0.000072   0.000000   )
 (  0.000068   0.000000     0.288640   0.000000    -0.000068   0.000000   )
 ( -0.288766   0.000000     0.000000   0.000000     0.288766   0.000000   )
 ( -0.288745   0.000000     0.000000   0.000000     0.288745   0.000000   )
     freq (   11) =      32.034818 [THz] =    1068.566507 [cm-1]
 ( -0.000000   0.000000    -0.288783   0.000000     0.000000   0.000000   )
 ( -0.000000   0.000000    -0.288750   0.000000     0.000000   0.000000   )
 (  0.288585   0.000000     0.000053   0.000000    -0.288585   0.000000   )
 (  0.288710   0.000000     0.000017   0.000000    -0.288710   0.000000   )
 ( -0.288585   0.000000     0.000053   0.000000     0.288585   0.000000   )
 ( -0.288710   0.000000     0.000017   0.000000     0.288710   0.000000   )
 (  0.000000   0.000000     0.288725   0.000000    -0.000000   0.000000   )
 (  0.000000   0.000000     0.288666   0.000000    -0.000000   0.000000   )
     freq (   12) =      33.144888 [THz] =    1105.594470 [cm-1]
 (  0.250090   0.000000    -0.000000   0.000000    -0.250090   0.000000   )
 (  0.250085   0.000000    -0.000000   0.000000    -0.250085   0.000000   )
 ( -0.250001   0.000000    -0.000040   0.000000     0.250001   0.000000   )
 ( -0.249999   0.000000    -0.000098   0.000000     0.249999   0.000000   )
 ( -0.250001   0.000000     0.000040   0.000000     0.250001   0.000000   )
 ( -0.249999   0.000000     0.000098   0.000000     0.249999   0.000000   )
 (  0.249908   0.000000     0.000000   0.000000    -0.249908   0.000000   )
 (  0.249917   0.000000     0.000000   0.000000    -0.249917   0.000000   )
     freq (   13) =      33.146714 [THz] =    1105.655361 [cm-1]
 ( -0.249982   0.000000    -0.000000   0.000000    -0.249982   0.000000   )
 (  0.249980   0.000000    -0.000000   0.000000     0.249980   0.000000   )
 (  0.250020   0.000000    -0.000000   0.000000     0.250020   0.000000   )
 ( -0.250018   0.000000     0.000000   0.000000    -0.250018   0.000000   )
 (  0.250020   0.000000     0.000000   0.000000     0.250020   0.000000   )
 ( -0.250018   0.000000     0.000000   0.000000    -0.250018   0.000000   )
 ( -0.249982   0.000000    -0.000000   0.000000    -0.249982   0.000000   )
 (  0.249980   0.000000    -0.000000   0.000000     0.249980   0.000000   )
     freq (   14) =      36.815968 [THz] =    1228.048501 [cm-1]
 (  0.000000   0.000000     0.500015   0.000000    -0.000000   0.000000   )
 ( -0.000000   0.000000     0.001343   0.000000    -0.000000   0.000000   )
 (  0.000009   0.000000    -0.499997   0.000000    -0.000009   0.000000   )
 (  0.000038   0.000000    -0.001410   0.000000    -0.000038   0.000000   )
 ( -0.000009   0.000000    -0.499997   0.000000     0.000009   0.000000   )
 ( -0.000038   0.000000    -0.001410   0.000000     0.000038   0.000000   )
 ( -0.000000   0.000000     0.499982   0.000000    -0.000000   0.000000   )
 (  0.000000   0.000000     0.001474   0.000000    -0.000000   0.000000   )
     freq (   15) =      36.817672 [THz] =    1228.105359 [cm-1]
 (  0.000000   0.000000    -0.001301   0.000000     0.000000   0.000000   )
 ( -0.000000   0.000000     0.499875   0.000000    -0.000000   0.000000   )
 (  0.000145   0.000000     0.001412   0.000000    -0.000145   0.000000   )
 ( -0.000102   0.000000    -0.500001   0.000000     0.000102   0.000000   )
 ( -0.000145   0.000000     0.001412   0.000000     0.000145   0.000000   )
 (  0.000102   0.000000    -0.500001   0.000000    -0.000102   0.000000   )
 ( -0.000000   0.000000    -0.001512   0.000000    -0.000000   0.000000   )
 (  0.000000   0.000000     0.500116   0.000000     0.000000   0.000000   )
     freq (   16) =      37.615759 [THz] =    1254.726674 [cm-1]
 ( -0.000000   0.000000     0.000000   0.000000     0.000000   0.000000   )
 (  0.000000   0.000000    -0.000000   0.000000    -0.000000   0.000000   )
 ( -0.353553   0.000000    -0.000000   0.000000    -0.353553   0.000000   )
 (  0.353553   0.000000     0.000000   0.000000     0.353553   0.000000   )
 (  0.353553   0.000000     0.000000   0.000000     0.353553   0.000000   )
 ( -0.353553   0.000000    -0.000000   0.000000    -0.353553   0.000000   )
 (  0.000000   0.000000    -0.000000   0.000000    -0.000000   0.000000   )
 ( -0.000000   0.000000     0.000000   0.000000     0.000000   0.000000   )
     freq (   17) =      37.617384 [THz] =    1254.780866 [cm-1]
 ( -0.204023   0.000000    -0.000000   0.000000     0.204023   0.000000   )
 (  0.204032   0.000000     0.000000   0.000000    -0.204032   0.000000   )
 ( -0.000009   0.000000    -0.408343   0.000000     0.000009   0.000000   )
 ( -0.000020   0.000000     0.408357   0.000000     0.000020   0.000000   )
 ( -0.000009   0.000000     0.408343   0.000000     0.000009   0.000000   )
 ( -0.000020   0.000000    -0.408357   0.000000     0.000020   0.000000   )
 (  0.204036   0.000000     0.000000   0.000000    -0.204036   0.000000   )
 ( -0.203999   0.000000    -0.000000   0.000000     0.203999   0.000000   )
     freq (   18) =      37.618182 [THz] =    1254.807479 [cm-1]
 ( -0.353554   0.000000    -0.000000   0.000000    -0.353554   0.000000   )
 (  0.353553   0.000000     0.000000   0.000000     0.353553   0.000000   )
 ( -0.000000   0.000000     0.000000   0.000000    -0.000000   0.000000   )
 ( -0.000000   0.000000    -0.000000   0.000000    -0.000000   0.000000   )
 ( -0.000000   0.000000    -0.000000   0.000000    -0.000000   0.000000   )
 ( -0.000000   0.000000     0.000000   0.000000    -0.000000   0.000000   )
 (  0.353554   0.000000     0.000000   0.000000     0.353554   0.000000   )
 ( -0.353553   0.000000    -0.000000   0.000000    -0.353553   0.000000   )
     freq (   19) =      37.618465 [THz] =    1254.816916 [cm-1]
 (  0.000000   0.000000    -0.408165   0.000000     0.000000   0.000000   )
 ( -0.000000   0.000000     0.408474   0.000000    -0.000000   0.000000   )
 ( -0.204173   0.000000    -0.000016   0.000000     0.204173   0.000000   )
 (  0.204098   0.000000    -0.000195   0.000000    -0.204098   0.000000   )
 (  0.204173   0.000000    -0.000016   0.000000    -0.204173   0.000000   )
 ( -0.204098   0.000000    -0.000195   0.000000     0.204098   0.000000   )
 ( -0.000000   0.000000     0.408217   0.000000    -0.000000   0.000000   )
 (  0.000000   0.000000    -0.408091   0.000000     0.000000   0.000000   )
     freq (   20) =      38.440682 [THz] =    1282.243136 [cm-1]
 ( -0.288725   0.000000     0.000000   0.000000     0.288725   0.000000   )
 (  0.288727   0.000000    -0.000000   0.000000    -0.288727   0.000000   )
 (  0.000033   0.000000     0.288524   0.000000    -0.000033   0.000000   )
 ( -0.000018   0.000000    -0.288538   0.000000     0.000018   0.000000   )
 (  0.000033   0.000000    -0.288524   0.000000    -0.000033   0.000000   )
 ( -0.000018   0.000000     0.288538   0.000000     0.000018   0.000000   )
 (  0.288757   0.000000    -0.000000   0.000000    -0.288757   0.000000   )
 ( -0.288779   0.000000     0.000000   0.000000     0.288779   0.000000   )
     freq (   21) =      38.443359 [THz] =    1282.332426 [cm-1]
 (  0.000000   0.000000     0.288703   0.000000    -0.000000   0.000000   )
 ( -0.000000   0.000000    -0.288613   0.000000     0.000000   0.000000   )
 ( -0.288705   0.000000     0.000069   0.000000     0.288705   0.000000   )
 (  0.288628   0.000000    -0.000101   0.000000    -0.288628   0.000000   )
 (  0.288705   0.000000     0.000069   0.000000    -0.288705   0.000000   )
 ( -0.288628   0.000000    -0.000101   0.000000     0.288628   0.000000   )
 ( -0.000000   0.000000    -0.288730   0.000000     0.000000   0.000000   )
 (  0.000000   0.000000     0.288720   0.000000    -0.000000   0.000000   )
     freq (   22) =      40.789848 [THz] =    1360.602858 [cm-1]
 ( -0.250032   0.000000     0.000000   0.000000     0.250032   0.000000   )
 (  0.250019   0.000000    -0.000000   0.000000    -0.250019   0.000000   )
 ( -0.250001   0.000000     0.000028   0.000000     0.250001   0.000000   )
 (  0.250003   0.000000    -0.000025   0.000000    -0.250003   0.000000   )
 ( -0.250001   0.000000    -0.000028   0.000000     0.250001   0.000000   )
 (  0.250003   0.000000     0.000025   0.000000    -0.250003   0.000000   )
 ( -0.249967   0.000000     0.000000   0.000000     0.249967   0.000000   )
 (  0.249976   0.000000    -0.000000   0.000000    -0.249976   0.000000   )
     freq (   23) =      40.789904 [THz] =    1360.604758 [cm-1]
 ( -0.250019   0.000000    -0.000000   0.000000    -0.250019   0.000000   )
 (  0.250019   0.000000     0.000000   0.000000     0.250019   0.000000   )
 ( -0.249981   0.000000    -0.000000   0.000000    -0.249981   0.000000   )
 (  0.249981   0.000000     0.000000   0.000000     0.249981   0.000000   )
 ( -0.249981   0.000000    -0.000000   0.000000    -0.249981   0.000000   )
 (  0.249981   0.000000     0.000000   0.000000     0.249981   0.000000   )
 ( -0.250019   0.000000    -0.000000   0.000000    -0.250019   0.000000   )
 (  0.250019   0.000000     0.000000   0.000000     0.250019   0.000000   )
     freq (   24) =      40.789979 [THz] =    1360.607228 [cm-1]
 (  0.000000   0.000000    -0.353544   0.000000     0.000000   0.000000   )
 ( -0.000000   0.000000     0.353532   0.000000    -0.000000   0.000000   )
 ( -0.000012   0.000000    -0.353554   0.000000     0.000012   0.000000   )
 (  0.000034   0.000000     0.353549   0.000000    -0.000034   0.000000   )
 (  0.000012   0.000000    -0.353554   0.000000    -0.000012   0.000000   )
 ( -0.000034   0.000000     0.353549   0.000000     0.000034   0.000000   )
 (  0.000000   0.000000    -0.353561   0.000000     0.000000   0.000000   )
 ( -0.000000   0.000000     0.353582   0.000000    -0.000000   0.000000   )
 **************************************************************************
