     diagonalizing the dynamical matrix ...

 q =       0.0000      0.0000      0.0000
 **************************************************************************
     freq (    1) =      -0.000043 [THz] =      -0.001428 [cm-1]
 ( -0.288546  -0.000000     0.288708   0.000000    -0.288771  -0.000000   )
 ( -0.288546  -0.000000     0.288708   0.000000    -0.288771  -0.000000   )
 ( -0.288545  -0.000000     0.288710   0.000000    -0.288770   0.000000   )
 ( -0.288546  -0.000000     0.288709   0.000000    -0.288771   0.000000   )
     freq (    2) =      -0.000030 [THz] =      -0.000996 [cm-1]
 ( -0.204005  -0.000000    -0.408225  -0.000000    -0.204290   0.000000   )
 ( -0.204005  -0.000000    -0.408225  -0.000000    -0.204290   0.000000   )
 ( -0.204006  -0.000000    -0.408224  -0.000000    -0.204291  -0.000000   )
 ( -0.204005  -0.000000    -0.408225  -0.000000    -0.204290   0.000000   )
     freq (    3) =       0.000000 [THz] =       0.000014 [cm-1]
 ( -0.353728  -0.000000    -0.000073  -0.000000     0.353379   0.000000   )
 ( -0.353728  -0.000000    -0.000073  -0.000000     0.353379  -0.000000   )
 ( -0.353728  -0.000000    -0.000073  -0.000000     0.353379  -0.000000   )
 ( -0.353728  -0.000000    -0.000073  -0.000000     0.353379  -0.000000   )
     freq (    4) =      16.494906 [THz] =     550.210844 [cm-1]
 ( -0.353555  -0.000000     0.000000  -0.000000     0.353555  -0.000000   )
 ( -0.353552  -0.000000     0.000000  -0.000000     0.353552  -0.000000   )
 (  0.353555   0.000000    -0.000000   0.000000    -0.353555  -0.000000   )
 (  0.353552   0.000000    -0.000000   0.000000    -0.353552   0.000000   )
     freq (    5) =      16.495079 [THz] =     550.216622 [cm-1]
 ( -0.204124  -0.000000    -0.408250  -0.000000    -0.204124   0.000000   )
 ( -0.204123  -0.000000    -0.408249  -0.000000    -0.204123   0.000000   )
 (  0.204124   0.000000     0.408249   0.000000     0.204124  -0.000000   )
 (  0.204124   0.000000     0.408247   0.000000     0.204124   0.000000   )
     freq (    6) =      32.048479 [THz] =    1069.022180 [cm-1]
 (  0.288679   0.000000    -0.288679  -0.000000     0.288679   0.000000   )
 (  0.288672  -0.000000    -0.288670   0.000000     0.288672   0.000000   )
 ( -0.288671  -0.000000     0.288682   0.000000    -0.288671   0.000000   )
 ( -0.288679   0.000000     0.288668  -0.000000    -0.288679   0.000000   )
     freq (    7) =      37.583235 [THz] =    1253.641785 [cm-1]
 ( -0.204199  -0.000000    -0.408172  -0.000000    -0.204199   0.000000   )
 (  0.204195   0.000000     0.408179   0.000000     0.204195  -0.000000   )
 (  0.204197   0.000000     0.408174   0.000000     0.204197  -0.000000   )
 ( -0.204193  -0.000000    -0.408181  -0.000000    -0.204193   0.000000   )
     freq (    8) =      37.583539 [THz] =    1253.651904 [cm-1]
 (  0.353552   0.000000     0.000000   0.000000    -0.353552   0.000000   )
 ( -0.353555  -0.000000    -0.000000  -0.000000     0.353555  -0.000000   )
 ( -0.353552  -0.000000    -0.000000  -0.000000     0.353552   0.000000   )
 (  0.353555   0.000000     0.000000   0.000000    -0.353555   0.000000   )
     freq (    9) =      38.424957 [THz] =    1281.718613 [cm-1]
 (  0.288624   0.000000    -0.288772  -0.000000     0.288624   0.000000   )
 ( -0.288627  -0.000000     0.288777   0.000000    -0.288627  -0.000000   )
 ( -0.288622  -0.000000     0.288776   0.000000    -0.288622  -0.000000   )
 (  0.288625   0.000000    -0.288780  -0.000000     0.288625   0.000000   )
     freq (   10) =      40.741324 [THz] =    1358.984279 [cm-1]
 ( -0.348769   0.000000     0.081939  -0.000000    -0.348769   0.000000   )
 (  0.348775  -0.000000    -0.081945   0.000000     0.348775  -0.000000   )
 ( -0.348778   0.000000     0.081944  -0.000000    -0.348778   0.000000   )
 (  0.348771  -0.000000    -0.081938   0.000000     0.348771   0.000000   )
     freq (   11) =      40.741665 [THz] =    1358.995661 [cm-1]
 (  0.353553   0.000000    -0.000000   0.000000    -0.353553  -0.000000   )
 ( -0.353553  -0.000000     0.000000  -0.000000     0.353553   0.000000   )
 (  0.353553   0.000000    -0.000000   0.000000    -0.353553   0.000000   )
 ( -0.353553  -0.000000     0.000000  -0.000000     0.353553   0.000000   )
     freq (   12) =      40.741740 [THz] =    1358.998175 [cm-1]
 ( -0.057940  -0.000000    -0.493243  -0.000000    -0.057940   0.000000   )
 (  0.057942   0.000000     0.493240   0.000000     0.057942  -0.000000   )
 ( -0.057944  -0.000000    -0.493236  -0.000000    -0.057944  -0.000000   )
 (  0.057941   0.000000     0.493240   0.000000     0.057941   0.000000   )
 **************************************************************************
