     diagonalizing the dynamical matrix ...

 q =       0.0000      0.0000      0.0000
 **************************************************************************
     freq (    1) =      -0.000000 [THz] =      -0.000006 [cm-1]
 ( -0.136380   0.000052    -0.478366   0.000079    -0.050665   0.000000   )
 ( -0.136380   0.000052    -0.478366   0.000079    -0.050665   0.000000   )
 ( -0.136380   0.000052    -0.478366   0.000079    -0.050665  -0.000000   )
 ( -0.136380   0.000052    -0.478366   0.000079    -0.050665   0.000000   )
     freq (    2) =       0.000000 [THz] =       0.000007 [cm-1]
 (  0.031905  -0.000006     0.043551  -0.000009    -0.497077  -0.000000   )
 (  0.031905  -0.000006     0.043551  -0.000009    -0.497077  -0.000000   )
 (  0.031905  -0.000006     0.043551  -0.000009    -0.497077   0.000000   )
 (  0.031905  -0.000006     0.043551  -0.000009    -0.497077   0.000000   )
     freq (    3) =       0.000001 [THz] =       0.000027 [cm-1]
 (  0.479982  -0.000016    -0.138815  -0.000024     0.018645  -0.000000   )
 (  0.479982  -0.000016    -0.138815  -0.000024     0.018645  -0.000000   )
 (  0.479982  -0.000016    -0.138815  -0.000024     0.018645   0.000000   )
 (  0.479982  -0.000016    -0.138815  -0.000024     0.018645   0.000000   )
     freq (    4) =       1.540041 [THz] =      51.370235 [cm-1]
 (  0.500446   0.000006    -0.000071  -0.000000    -0.000000   0.000000   )
 (  0.499553   0.000006    -0.000071  -0.000000    -0.000000  -0.000000   )
 ( -0.499553  -0.000006     0.000071   0.000000    -0.000000  -0.000000   )
 ( -0.500446  -0.000006     0.000071   0.000000    -0.000000   0.000000   )
     freq (    5) =       1.540041 [THz] =      51.370235 [cm-1]
 ( -0.000071   0.000000    -0.500446  -0.000003    -0.000000   0.000000   )
 ( -0.000071   0.000000    -0.499553  -0.000003    -0.000000  -0.000000   )
 (  0.000071  -0.000000     0.499553   0.000003    -0.000000  -0.000000   )
 (  0.000071  -0.000000     0.500446   0.000003    -0.000000   0.000000   )
     freq (    6) =       4.355565 [THz] =     145.286009 [cm-1]
 ( -0.000000   0.000000    -0.000000   0.000000     0.508717   0.000000   )
 ( -0.000000  -0.000000    -0.000000  -0.000000     0.491128   0.000000   )
 (  0.000000   0.000000    -0.000000   0.000000    -0.491128   0.000000   )
 (  0.000000   0.000000    -0.000000  -0.000000    -0.508717   0.000000   )
     freq (    7) =      22.423690 [THz] =     747.973798 [cm-1]
 ( -0.000000   0.000000    -0.016070  -0.000000     0.559521   0.000000   )
 (  0.000000   0.000000     0.012404  -0.000000    -0.431885  -0.000000   )
 ( -0.000000  -0.000000     0.012404   0.000000    -0.431885  -0.000000   )
 (  0.000000  -0.000000    -0.016070   0.000000     0.559521   0.000000   )
     freq (    8) =      24.120826 [THz] =     804.584152 [cm-1]
 ( -0.000000   0.000000    -0.000000  -0.000000    -0.552285  -0.000000   )
 ( -0.000000  -0.000000     0.000000   0.000000     0.441567   0.000000   )
 (  0.000000   0.000000     0.000000  -0.000000    -0.441567   0.000000   )
 (  0.000000  -0.000000    -0.000000   0.000000     0.552285   0.000000   )
     freq (    9) =      42.254851 [THz] =    1409.470112 [cm-1]
 ( -0.559751  -0.000000     0.000000  -0.000000     0.000000  -0.000000   )
 (  0.432063   0.000000    -0.000000   0.000000     0.000000   0.000000   )
 (  0.432063   0.000000     0.000000  -0.000000     0.000000   0.000000   )
 ( -0.559751  -0.000000    -0.000000   0.000000    -0.000000   0.000000   )
     freq (   10) =      42.275914 [THz] =    1410.172692 [cm-1]
 (  0.000258  -0.000000     0.559377   0.001097     0.000000   0.000000   )
 ( -0.000200   0.000000    -0.432545  -0.000848    -0.000000  -0.000000   )
 (  0.000200  -0.000000     0.432545   0.000848     0.000000  -0.000000   )
 ( -0.000258   0.000000    -0.559377  -0.001097     0.000000   0.000000   )
     freq (   11) =      42.275914 [THz] =    1410.172692 [cm-1]
 ( -0.559377   0.001133     0.000258   0.000000    -0.000000   0.000000   )
 (  0.432545  -0.000876    -0.000200  -0.000000     0.000000  -0.000000   )
 ( -0.432545   0.000876     0.000200   0.000000     0.000000   0.000000   )
 (  0.559377  -0.001133    -0.000258  -0.000000     0.000000   0.000000   )
     freq (   12) =      48.421695 [THz] =    1615.173894 [cm-1]
 ( -0.000000  -0.000000     0.559521   0.000000     0.016070   0.000000   )
 (  0.000000  -0.000000    -0.431885   0.000000    -0.012404  -0.000000   )
 (  0.000000   0.000000    -0.431885  -0.000000    -0.012404  -0.000000   )
 ( -0.000000   0.000000     0.559521  -0.000000     0.016070   0.000000   )
 **************************************************************************
